<?xml version="1.0" encoding="UTF-8"?>
<testsuite xmlns:xsi="http://www.w3.org/2001/XMLSchema-instance" xsi:noNamespaceSchemaLocation="https://maven.apache.org/surefire/maven-surefire-plugin/xsd/surefire-test-report.xsd" name="com.mypackage.ListAverageComparatorTest" time="0.082" tests="3" errors="0" skipped="0" failures="0">
  <properties>
[...]
</properties>
  <testcase name="testCompareAveragesFirstListGreater" classname="com.mypackage.ListAverageComparatorTest" time="0.051"/>
  <testcase name="testCompareAveragesEqualAverages" classname="com.mypackage.ListAverageComparatorTest" time="0"/>
  <testcase name="testCompareAveragesSecondListGreater" classname="com.mypackage.ListAverageComparatorTest" time="0"/>
</testsuite>